<?xml version="1.0" encoding="UTF-8"?>
<!-- Generated by org.testng.reporters.JUnitReportReporter -->
<testsuite skipped="0" hostname="NURU-PC" name="ElementTest" tests="1" failures="0" timestamp="14 Dec 2017 16:44:42 GMT" time="44.010" errors="0">
  <testcase name="Test" time="44.010" classname="ElementTest"/>
</testsuite> <!-- ElementTest -->
